#
# There is insufficient memory for the Java Runtime Environment to continue.
# Native memory allocation (mmap) failed to map 65536 bytes for Failed to commit metaspace.
# Possible reasons:
#   The system is out of physical RAM or swap space
#   The process is running with CompressedOops enabled, and the Java Heap may be blocking the growth of the native heap
# Possible solutions:
#   Reduce memory load on the system
#   Increase physical memory or swap space
#   Check if swap backing store is full
#   Decrease Java heap size (-Xmx/-Xms)
#   Decrease number of Java threads
#   Decrease Java thread stack sizes (-Xss)
#   Set larger code cache with -XX:ReservedCodeCacheSize=
#   JVM is running with Unscaled Compressed Oops mode in which the Java heap is
#     placed in the first 4GB address space. The Java Heap base address is the
#     maximum limit for the native heap growth. Please use -XX:HeapBaseMinAddress
#     to set the Java Heap base and to place the Java Heap above 4GB virtual address.
# This output file may be truncated or incomplete.
#
#  Out of Memory Error (virtualSpaceNode.cpp:110), pid=2956, tid=1468
#
# JRE version: OpenJDK Runtime Environment (17.0.9) (build 17.0.9+0--11185874)
# Java VM: OpenJDK 64-Bit Server VM (17.0.9+0--11185874, mixed mode, tiered, compressed oops, compressed class ptrs, g1 gc, windows-amd64)
# No core dump will be written. Minidumps are not enabled by default on client versions of Windows
#

---------------  S U M M A R Y ------------

Command Line: git4idea.http.GitAskPassApp Username for 'https://github.com': 

Host: Intel(R) Xeon(R) Platinum 8272CL CPU @ 2.60GHz, 2 cores, 6G,  Windows 11 , 64 bit Build 22000 (10.0.22000.2538)
Time: Mon Mar 11 15:45:46 2024 W. Central Africa Standard Time elapsed time: 0.267503 seconds (0d 0h 0m 0s)

---------------  T H R E A D  ---------------

Current thread (0x00000223a8839310):  JavaThread "main" [_thread_in_vm, id=1468, stack(0x000000adf5a00000,0x000000adf5b00000)]

Stack: [0x000000adf5a00000,0x000000adf5b00000]
Native frames: (J=compiled Java code, j=interpreted, Vv=VM code, C=native code)
V  [jvm.dll+0x6886e9]
V  [jvm.dll+0x841e4a]
V  [jvm.dll+0x843a8e]
V  [jvm.dll+0x8440f3]
V  [jvm.dll+0x24c14f]
V  [jvm.dll+0x83ce2b]
V  [jvm.dll+0x62cae6]
V  [jvm.dll+0x62cb4a]
V  [jvm.dll+0x62f37a]
V  [jvm.dll+0x62d486]
V  [jvm.dll+0x241220]
V  [jvm.dll+0x1efbab]
V  [jvm.dll+0x1e54cc]
V  [jvm.dll+0x54e1bc]
V  [jvm.dll+0x1f607b]
V  [jvm.dll+0x7ba54b]
V  [jvm.dll+0x7bb9bc]
V  [jvm.dll+0x7bc233]
V  [jvm.dll+0x1f04a4]
V  [jvm.dll+0x1e54e5]
V  [jvm.dll+0x54e1bc]
V  [jvm.dll+0x1f607b]
V  [jvm.dll+0x7ba54b]
V  [jvm.dll+0x7bb9bc]
V  [jvm.dll+0x7bbd08]
V  [jvm.dll+0x243bae]
V  [jvm.dll+0x3882ce]
C  0x00000223b326b5bb

The last pc belongs to new (printed below).
Java frames: (J=compiled Java code, j=interpreted, Vv=VM code)
j  java.util.stream.ReferencePipeline.map(Ljava/util/function/Function;)Ljava/util/stream/Stream;+5 java.base@17.0.9
j  java.lang.SecurityManager.addNonExportedPackages(Ljava/lang/ModuleLayer;)V+22 java.base@17.0.9
j  java.lang.SecurityManager.<clinit>()V+47 java.base@17.0.9
v  ~StubRoutines::call_stub
j  javax.crypto.Cipher.getConfiguredPermission(Ljava/lang/String;)Ljavax/crypto/CryptoPermission;+17 java.base@17.0.9
j  javax.crypto.Cipher.getMaxAllowedKeyLength(Ljava/lang/String;)I+1 java.base@17.0.9
j  sun.security.ssl.SSLCipher.isUnlimited(ILjava/lang/String;)Z+13 java.base@17.0.9
j  sun.security.ssl.SSLCipher.<init>(Ljava/lang/String;ILjava/lang/String;Lsun/security/ssl/CipherType;IIIIZZ[Ljava/util/Map$Entry;[Ljava/util/Map$Entry;)V+117 java.base@17.0.9
j  sun.security.ssl.SSLCipher.<clinit>()V+645 java.base@17.0.9
v  ~StubRoutines::call_stub
j  sun.security.ssl.CipherSuite.<clinit>()V+18 java.base@17.0.9
v  ~StubRoutines::call_stub
j  sun.security.ssl.SSLContextImpl.getApplicableSupportedCipherSuites(Ljava/util/List;)Ljava/util/List;+0 java.base@17.0.9
j  sun.security.ssl.SSLContextImpl$AbstractTLSContext.<clinit>()V+84 java.base@17.0.9
v  ~StubRoutines::call_stub
j  java.lang.Class.forName0(Ljava/lang/String;ZLjava/lang/ClassLoader;Ljava/lang/Class;)Ljava/lang/Class;+0 java.base@17.0.9
j  java.lang.Class.forName(Ljava/lang/String;)Ljava/lang/Class;+11 java.base@17.0.9
j  java.security.Provider$Service.getImplClass()Ljava/lang/Class;+64 java.base@17.0.9
j  java.security.Provider$Service.getDefaultConstructor()Ljava/lang/reflect/Constructor;+46 java.base@17.0.9
j  java.security.Provider$Service.newInstanceOf()Ljava/lang/Object;+1 java.base@17.0.9
j  java.security.Provider$Service.newInstanceUtil(Ljava/lang/Class;Ljava/lang/Object;)Ljava/lang/Object;+5 java.base@17.0.9
j  java.security.Provider$Service.newInstance(Ljava/lang/Object;)Ljava/lang/Object;+227 java.base@17.0.9
j  sun.security.jca.GetInstance.getInstance(Ljava/security/Provider$Service;Ljava/lang/Class;)Lsun/security/jca/GetInstance$Instance;+2 java.base@17.0.9
j  sun.security.jca.GetInstance.getInstance(Ljava/lang/String;Ljava/lang/Class;Ljava/lang/String;)Lsun/security/jca/GetInstance$Instance;+56 java.base@17.0.9
j  javax.net.ssl.SSLContext.getInstance(Ljava/lang/String;)Ljavax/net/ssl/SSLContext;+12 java.base@17.0.9
j  externalApp.ExternalAppUtil.sendIdeRequest(Ljava/lang/String;ILjava/lang/String;Ljava/lang/String;)LexternalApp/ExternalAppUtil$Result;+34
j  git4idea.http.GitAskPassApp.main([Ljava/lang/String;)V+37
v  ~StubRoutines::call_stub
new  187 new  [0x00000223b326b420, 0x00000223b326b640]  544 bytes
[MachCode]
  0x00000223b326b420: 4883 ec08 | c5fa 1104 | 24eb 1f48 | 83ec 10c5 | fb11 0424 | eb14 4883 | ec10 4889 | 0424 48c7 
  0x00000223b326b440: 4424 0800 | 0000 00eb | 0150 410f | b755 010f | cac1 ea10 | 488b 4de8 | 488b 4908 | 488b 4908 
  0x00000223b326b460: 488b 4108 | 807c 1004 | 070f 85d6 | 0000 0066 | 8b54 d148 | 488b 4928 | 488b 4cd1 | 0851 80b9 
  0x00000223b326b480: 5b01 0000 | 040f 85b9 | 0000 008b | 5108 f7c2 | 0100 0000 | 0f85 aa00 | 0000 498b | 8708 0100 
  0x00000223b326b4a0: 0048 8d1c | 1049 3b9f | 1801 0000 | 0f87 9200 | 0000 4989 | 9f08 0100 | 00e9 0000 | 0000 4883 
  0x00000223b326b4c0: ea10 0f84 | 0f00 0000 | 33c9 c1ea | 0348 894c | d008 48ff | ca75 f648 | c700 0100 | 0000 5933 
  0x00000223b326b4e0: f689 700c | 48c1 e903 | 8948 0849 | ba3e 39a3 | 0cfd 7f00 | 0041 803a | 000f 8440 | 0000 0050 
  0x00000223b326b500: 488b c848 | 83ec 20f7 | c40f 0000 | 000f 841a | 0000 0048 | 83ec 0849 | baf0 ec58 | 0cfd 7f00 
  0x00000223b326b520: 0041 ffd2 | 4883 c408 | e90d 0000 | 0049 baf0 | ec58 0cfd | 7f00 0041 | ffd2 4883 | c420 58e9 
  0x00000223b326b540: cd00 0000 | 5948 8b55 | e848 8b52 | 0848 8b52 | 0845 0fb7 | 4501 410f | c841 c1e8 | 10e8 0500 
  0x00000223b326b560: 0000 e9aa | 0000 0048 | 8d44 2408 | 4c89 6dc0 | 498b cfc5 | f877 4989 | afa8 0200 | 0049 8987 
  0x00000223b326b580: 9802 0000 | 4883 ec20 | f7c4 0f00 | 0000 0f84 | 1a00 0000 | 4883 ec08 | 49ba 8082 | 220c fd7f 
  0x00000223b326b5a0: 0000 41ff | d248 83c4 | 08e9 0d00 | 0000 49ba | 8082 220c | fd7f 0000 | 41ff d248 | 83c4 2049 
  0x00000223b326b5c0: c787 9802 | 0000 0000 | 0000 49c7 | 87a8 0200 | 0000 0000 | 0049 c787 | a002 0000 | 0000 0000 
  0x00000223b326b5e0: c5f8 7749 | 817f 0800 | 0000 000f | 8405 0000 | 00e9 0a59 | feff 498b | 87f0 0200 | 0049 c787 
  0x00000223b326b600: f002 0000 | 0000 0000 | 4c8b 6dc0 | 4c8b 75c8 | c341 0fb6 | 5d03 4983 | c503 49ba | 409f a50c 
  0x00000223b326b620: fd7f 0000 | 41ff 24da | 0000 0000 | 0000 0000 | 0000 0000 | 0000 0000 | 0000 0000 | 0000 0000 
[/MachCode]

---------------  P R O C E S S  ---------------

Threads class SMR info:
_java_thread_list=0x00000223c13dcd90, length=12, elements={
0x00000223a8839310, 0x00000223c100a250, 0x00000223c100ae10, 0x00000223c10254c0,
0x00000223c103b510, 0x00000223c103bde0, 0x00000223c103e6c0, 0x00000223c12683a0,
0x00000223c1268cb0, 0x00000223c126b040, 0x00000223c13dfe00, 0x00000223c14021c0
}

Java Threads: ( => current thread )
=>0x00000223a8839310 JavaThread "main" [_thread_in_vm, id=1468, stack(0x000000adf5a00000,0x000000adf5b00000)]
  0x00000223c100a250 JavaThread "Reference Handler" daemon [_thread_blocked, id=8580, stack(0x000000adf6100000,0x000000adf6200000)]
  0x00000223c100ae10 JavaThread "Finalizer" daemon [_thread_blocked, id=2004, stack(0x000000adf6200000,0x000000adf6300000)]
  0x00000223c10254c0 JavaThread "Signal Dispatcher" daemon [_thread_blocked, id=6864, stack(0x000000adf6300000,0x000000adf6400000)]
  0x00000223c103b510 JavaThread "Attach Listener" daemon [_thread_blocked, id=11420, stack(0x000000adf6400000,0x000000adf6500000)]
  0x00000223c103bde0 JavaThread "Service Thread" daemon [_thread_blocked, id=7076, stack(0x000000adf6500000,0x000000adf6600000)]
  0x00000223c103e6c0 JavaThread "Monitor Deflation Thread" daemon [_thread_blocked, id=3508, stack(0x000000adf6600000,0x000000adf6700000)]
  0x00000223c12683a0 JavaThread "C2 CompilerThread0" daemon [_thread_blocked, id=8252, stack(0x000000adf6700000,0x000000adf6800000)]
  0x00000223c1268cb0 JavaThread "C1 CompilerThread0" daemon [_thread_in_vm, id=11732, stack(0x000000adf6800000,0x000000adf6900000)]
  0x00000223c126b040 JavaThread "Sweeper thread" daemon [_thread_blocked, id=11260, stack(0x000000adf6900000,0x000000adf6a00000)]
  0x00000223c13dfe00 JavaThread "Notification Thread" daemon [_thread_blocked, id=10984, stack(0x000000adf6a00000,0x000000adf6b00000)]
  0x00000223c14021c0 JavaThread "Common-Cleaner" daemon [_thread_blocked, id=1576, stack(0x000000adf6c00000,0x000000adf6d00000)]

Other Threads:
  0x00000223c0fe4640 VMThread "VM Thread" [stack: 0x000000adf6000000,0x000000adf6100000] [id=9628]
  0x00000223c13f02f0 WatcherThread [stack: 0x000000adf6b00000,0x000000adf6c00000] [id=3928]
  0x00000223a888bf90 GCTaskThread "GC Thread#0" [stack: 0x000000adf5b00000,0x000000adf5c00000] [id=10840]
  0x00000223a889b4f0 ConcurrentGCThread "G1 Main Marker" [stack: 0x000000adf5c00000,0x000000adf5d00000] [id=4736]
  0x00000223a889c6b0 ConcurrentGCThread "G1 Conc#0" [stack: 0x000000adf5d00000,0x000000adf5e00000] [id=6812]
  0x00000223a88f81a0 ConcurrentGCThread "G1 Refine#0" [stack: 0x000000adf5e00000,0x000000adf5f00000] [id=540]
  0x00000223a88f8bd0 ConcurrentGCThread "G1 Service" [stack: 0x000000adf5f00000,0x000000adf6000000] [id=9392]

Threads with active compile tasks:
C1 CompilerThread0      299  253       3       jdk.internal.org.objectweb.asm.ByteVector::putShort (52 bytes)

VM state: not at safepoint (normal execution)

VM Mutex/Monitor currently owned by a thread:  ([mutex/lock_event])
[0x00000223a66e9c90] Metaspace_lock - owner thread: 0x00000223a8839310
[0x00000223a8834660] MethodData_lock - owner thread: 0x00000223c1268cb0

Heap address: 0x0000000090000000, size: 1792 MB, Compressed Oops mode: 32-bit

CDS archive(s) not mapped
Compressed class space mapped at: 0x0000000100000000-0x0000000140000000, reserved size: 1073741824
Narrow klass base: 0x0000000000000000, Narrow klass shift: 3, Narrow klass range: 0x140000000

GC Precious Log:
 CPUs: 2 total, 2 available
 Memory: 7166M
 Large Page Support: Disabled
 NUMA Support: Disabled
 Compressed Oops: Enabled (32-bit)
 Heap Region Size: 1M
 Heap Min Capacity: 8M
 Heap Initial Capacity: 112M
 Heap Max Capacity: 1792M
 Pre-touch: Disabled
 Parallel Workers: 2
 Concurrent Workers: 1
 Concurrent Refinement Workers: 2
 Periodic GC: Disabled

Heap:
 garbage-first heap   total 114688K, used 2048K [0x0000000090000000, 0x0000000100000000)
  region size 1024K, 3 young (3072K), 0 survivors (0K)
 Metaspace       used 8638K, committed 8768K, reserved 1114112K
  class space    used 771K, committed 832K, reserved 1048576K

Heap Regions: E=young(eden), S=young(survivor), O=old, HS=humongous(starts), HC=humongous(continues), CS=collection set, F=free, OA=open archive, CA=closed archive, TAMS=top-at-mark-start (previous, next)
|   0|0x0000000090000000, 0x0000000090000000, 0x0000000090100000|  0%| F|  |TAMS 0x0000000090000000, 0x0000000090000000| Untracked 
|   1|0x0000000090100000, 0x0000000090100000, 0x0000000090200000|  0%| F|  |TAMS 0x0000000090100000, 0x0000000090100000| Untracked 
|   2|0x0000000090200000, 0x0000000090200000, 0x0000000090300000|  0%| F|  |TAMS 0x0000000090200000, 0x0000000090200000| Untracked 
|   3|0x0000000090300000, 0x0000000090300000, 0x0000000090400000|  0%| F|  |TAMS 0x0000000090300000, 0x0000000090300000| Untracked 
|   4|0x0000000090400000, 0x0000000090400000, 0x0000000090500000|  0%| F|  |TAMS 0x0000000090400000, 0x0000000090400000| Untracked 
|   5|0x0000000090500000, 0x0000000090500000, 0x0000000090600000|  0%| F|  |TAMS 0x0000000090500000, 0x0000000090500000| Untracked 
|   6|0x0000000090600000, 0x0000000090600000, 0x0000000090700000|  0%| F|  |TAMS 0x0000000090600000, 0x0000000090600000| Untracked 
|   7|0x0000000090700000, 0x0000000090700000, 0x0000000090800000|  0%| F|  |TAMS 0x0000000090700000, 0x0000000090700000| Untracked 
|   8|0x0000000090800000, 0x0000000090800000, 0x0000000090900000|  0%| F|  |TAMS 0x0000000090800000, 0x0000000090800000| Untracked 
|   9|0x0000000090900000, 0x0000000090900000, 0x0000000090a00000|  0%| F|  |TAMS 0x0000000090900000, 0x0000000090900000| Untracked 
|  10|0x0000000090a00000, 0x0000000090a00000, 0x0000000090b00000|  0%| F|  |TAMS 0x0000000090a00000, 0x0000000090a00000| Untracked 
|  11|0x0000000090b00000, 0x0000000090b00000, 0x0000000090c00000|  0%| F|  |TAMS 0x0000000090b00000, 0x0000000090b00000| Untracked 
|  12|0x0000000090c00000, 0x0000000090c00000, 0x0000000090d00000|  0%| F|  |TAMS 0x0000000090c00000, 0x0000000090c00000| Untracked 
|  13|0x0000000090d00000, 0x0000000090d00000, 0x0000000090e00000|  0%| F|  |TAMS 0x0000000090d00000, 0x0000000090d00000| Untracked 
|  14|0x0000000090e00000, 0x0000000090e00000, 0x0000000090f00000|  0%| F|  |TAMS 0x0000000090e00000, 0x0000000090e00000| Untracked 
|  15|0x0000000090f00000, 0x0000000090f00000, 0x0000000091000000|  0%| F|  |TAMS 0x0000000090f00000, 0x0000000090f00000| Untracked 
|  16|0x0000000091000000, 0x0000000091000000, 0x0000000091100000|  0%| F|  |TAMS 0x0000000091000000, 0x0000000091000000| Untracked 
|  17|0x0000000091100000, 0x0000000091100000, 0x0000000091200000|  0%| F|  |TAMS 0x0000000091100000, 0x0000000091100000| Untracked 
|  18|0x0000000091200000, 0x0000000091200000, 0x0000000091300000|  0%| F|  |TAMS 0x0000000091200000, 0x0000000091200000| Untracked 
|  19|0x0000000091300000, 0x0000000091300000, 0x0000000091400000|  0%| F|  |TAMS 0x0000000091300000, 0x0000000091300000| Untracked 
|  20|0x0000000091400000, 0x0000000091400000, 0x0000000091500000|  0%| F|  |TAMS 0x0000000091400000, 0x0000000091400000| Untracked 
|  21|0x0000000091500000, 0x0000000091500000, 0x0000000091600000|  0%| F|  |TAMS 0x0000000091500000, 0x0000000091500000| Untracked 
|  22|0x0000000091600000, 0x0000000091600000, 0x0000000091700000|  0%| F|  |TAMS 0x0000000091600000, 0x0000000091600000| Untracked 
|  23|0x0000000091700000, 0x0000000091700000, 0x0000000091800000|  0%| F|  |TAMS 0x0000000091700000, 0x0000000091700000| Untracked 
|  24|0x0000000091800000, 0x0000000091800000, 0x0000000091900000|  0%| F|  |TAMS 0x0000000091800000, 0x0000000091800000| Untracked 
|  25|0x0000000091900000, 0x0000000091900000, 0x0000000091a00000|  0%| F|  |TAMS 0x0000000091900000, 0x0000000091900000| Untracked 
|  26|0x0000000091a00000, 0x0000000091a00000, 0x0000000091b00000|  0%| F|  |TAMS 0x0000000091a00000, 0x0000000091a00000| Untracked 
|  27|0x0000000091b00000, 0x0000000091b00000, 0x0000000091c00000|  0%| F|  |TAMS 0x0000000091b00000, 0x0000000091b00000| Untracked 
|  28|0x0000000091c00000, 0x0000000091c00000, 0x0000000091d00000|  0%| F|  |TAMS 0x0000000091c00000, 0x0000000091c00000| Untracked 
|  29|0x0000000091d00000, 0x0000000091d00000, 0x0000000091e00000|  0%| F|  |TAMS 0x0000000091d00000, 0x0000000091d00000| Untracked 
|  30|0x0000000091e00000, 0x0000000091e00000, 0x0000000091f00000|  0%| F|  |TAMS 0x0000000091e00000, 0x0000000091e00000| Untracked 
|  31|0x0000000091f00000, 0x0000000091f00000, 0x0000000092000000|  0%| F|  |TAMS 0x0000000091f00000, 0x0000000091f00000| Untracked 
|  32|0x0000000092000000, 0x0000000092000000, 0x0000000092100000|  0%| F|  |TAMS 0x0000000092000000, 0x0000000092000000| Untracked 
|  33|0x0000000092100000, 0x0000000092100000, 0x0000000092200000|  0%| F|  |TAMS 0x0000000092100000, 0x0000000092100000| Untracked 
|  34|0x0000000092200000, 0x0000000092200000, 0x0000000092300000|  0%| F|  |TAMS 0x0000000092200000, 0x0000000092200000| Untracked 
|  35|0x0000000092300000, 0x0000000092300000, 0x0000000092400000|  0%| F|  |TAMS 0x0000000092300000, 0x0000000092300000| Untracked 
|  36|0x0000000092400000, 0x0000000092400000, 0x0000000092500000|  0%| F|  |TAMS 0x0000000092400000, 0x0000000092400000| Untracked 
|  37|0x0000000092500000, 0x0000000092500000, 0x0000000092600000|  0%| F|  |TAMS 0x0000000092500000, 0x0000000092500000| Untracked 
|  38|0x0000000092600000, 0x0000000092600000, 0x0000000092700000|  0%| F|  |TAMS 0x0000000092600000, 0x0000000092600000| Untracked 
|  39|0x0000000092700000, 0x0000000092700000, 0x0000000092800000|  0%| F|  |TAMS 0x0000000092700000, 0x0000000092700000| Untracked 
|  40|0x0000000092800000, 0x0000000092800000, 0x0000000092900000|  0%| F|  |TAMS 0x0000000092800000, 0x0000000092800000| Untracked 
|  41|0x0000000092900000, 0x0000000092900000, 0x0000000092a00000|  0%| F|  |TAMS 0x0000000092900000, 0x0000000092900000| Untracked 
|  42|0x0000000092a00000, 0x0000000092a00000, 0x0000000092b00000|  0%| F|  |TAMS 0x0000000092a00000, 0x0000000092a00000| Untracked 
|  43|0x0000000092b00000, 0x0000000092b00000, 0x0000000092c00000|  0%| F|  |TAMS 0x0000000092b00000, 0x0000000092b00000| Untracked 
|  44|0x0000000092c00000, 0x0000000092c00000, 0x0000000092d00000|  0%| F|  |TAMS 0x0000000092c00000, 0x0000000092c00000| Untracked 
|  45|0x0000000092d00000, 0x0000000092d00000, 0x0000000092e00000|  0%| F|  |TAMS 0x0000000092d00000, 0x0000000092d00000| Untracked 
|  46|0x0000000092e00000, 0x0000000092e00000, 0x0000000092f00000|  0%| F|  |TAMS 0x0000000092e00000, 0x0000000092e00000| Untracked 
|  47|0x0000000092f00000, 0x0000000092f00000, 0x0000000093000000|  0%| F|  |TAMS 0x0000000092f00000, 0x0000000092f00000| Untracked 
|  48|0x0000000093000000, 0x0000000093000000, 0x0000000093100000|  0%| F|  |TAMS 0x0000000093000000, 0x0000000093000000| Untracked 
|  49|0x0000000093100000, 0x0000000093100000, 0x0000000093200000|  0%| F|  |TAMS 0x0000000093100000, 0x0000000093100000| Untracked 
|  50|0x0000000093200000, 0x0000000093200000, 0x0000000093300000|  0%| F|  |TAMS 0x0000000093200000, 0x0000000093200000| Untracked 
|  51|0x0000000093300000, 0x0000000093300000, 0x0000000093400000|  0%| F|  |TAMS 0x0000000093300000, 0x0000000093300000| Untracked 
|  52|0x0000000093400000, 0x0000000093400000, 0x0000000093500000|  0%| F|  |TAMS 0x0000000093400000, 0x0000000093400000| Untracked 
|  53|0x0000000093500000, 0x0000000093500000, 0x0000000093600000|  0%| F|  |TAMS 0x0000000093500000, 0x0000000093500000| Untracked 
|  54|0x0000000093600000, 0x0000000093600000, 0x0000000093700000|  0%| F|  |TAMS 0x0000000093600000, 0x0000000093600000| Untracked 
|  55|0x0000000093700000, 0x0000000093700000, 0x0000000093800000|  0%| F|  |TAMS 0x0000000093700000, 0x0000000093700000| Untracked 
|  56|0x0000000093800000, 0x0000000093800000, 0x0000000093900000|  0%| F|  |TAMS 0x0000000093800000, 0x0000000093800000| Untracked 
|  57|0x0000000093900000, 0x0000000093900000, 0x0000000093a00000|  0%| F|  |TAMS 0x0000000093900000, 0x0000000093900000| Untracked 
|  58|0x0000000093a00000, 0x0000000093a00000, 0x0000000093b00000|  0%| F|  |TAMS 0x0000000093a00000, 0x0000000093a00000| Untracked 
|  59|0x0000000093b00000, 0x0000000093b00000, 0x0000000093c00000|  0%| F|  |TAMS 0x0000000093b00000, 0x0000000093b00000| Untracked 
|  60|0x0000000093c00000, 0x0000000093c00000, 0x0000000093d00000|  0%| F|  |TAMS 0x0000000093c00000, 0x0000000093c00000| Untracked 
|  61|0x0000000093d00000, 0x0000000093d00000, 0x0000000093e00000|  0%| F|  |TAMS 0x0000000093d00000, 0x0000000093d00000| Untracked 
|  62|0x0000000093e00000, 0x0000000093e00000, 0x0000000093f00000|  0%| F|  |TAMS 0x0000000093e00000, 0x0000000093e00000| Untracked 
|  63|0x0000000093f00000, 0x0000000093f00000, 0x0000000094000000|  0%| F|  |TAMS 0x0000000093f00000, 0x0000000093f00000| Untracked 
|  64|0x0000000094000000, 0x0000000094000000, 0x0000000094100000|  0%| F|  |TAMS 0x0000000094000000, 0x0000000094000000| Untracked 
|  65|0x0000000094100000, 0x0000000094100000, 0x0000000094200000|  0%| F|  |TAMS 0x0000000094100000, 0x0000000094100000| Untracked 
|  66|0x0000000094200000, 0x0000000094200000, 0x0000000094300000|  0%| F|  |TAMS 0x0000000094200000, 0x0000000094200000| Untracked 
|  67|0x0000000094300000, 0x0000000094300000, 0x0000000094400000|  0%| F|  |TAMS 0x0000000094300000, 0x0000000094300000| Untracked 
|  68|0x0000000094400000, 0x0000000094400000, 0x0000000094500000|  0%| F|  |TAMS 0x0000000094400000, 0x0000000094400000| Untracked 
|  69|0x0000000094500000, 0x0000000094500000, 0x0000000094600000|  0%| F|  |TAMS 0x0000000094500000, 0x0000000094500000| Untracked 
|  70|0x0000000094600000, 0x0000000094600000, 0x0000000094700000|  0%| F|  |TAMS 0x0000000094600000, 0x0000000094600000| Untracked 
|  71|0x0000000094700000, 0x0000000094700000, 0x0000000094800000|  0%| F|  |TAMS 0x0000000094700000, 0x0000000094700000| Untracked 
|  72|0x0000000094800000, 0x0000000094800000, 0x0000000094900000|  0%| F|  |TAMS 0x0000000094800000, 0x0000000094800000| Untracked 
|  73|0x0000000094900000, 0x0000000094900000, 0x0000000094a00000|  0%| F|  |TAMS 0x0000000094900000, 0x0000000094900000| Untracked 
|  74|0x0000000094a00000, 0x0000000094a00000, 0x0000000094b00000|  0%| F|  |TAMS 0x0000000094a00000, 0x0000000094a00000| Untracked 
|  75|0x0000000094b00000, 0x0000000094b00000, 0x0000000094c00000|  0%| F|  |TAMS 0x0000000094b00000, 0x0000000094b00000| Untracked 
|  76|0x0000000094c00000, 0x0000000094c00000, 0x0000000094d00000|  0%| F|  |TAMS 0x0000000094c00000, 0x0000000094c00000| Untracked 
|  77|0x0000000094d00000, 0x0000000094d00000, 0x0000000094e00000|  0%| F|  |TAMS 0x0000000094d00000, 0x0000000094d00000| Untracked 
|  78|0x0000000094e00000, 0x0000000094e00000, 0x0000000094f00000|  0%| F|  |TAMS 0x0000000094e00000, 0x0000000094e00000| Untracked 
|  79|0x0000000094f00000, 0x0000000094f00000, 0x0000000095000000|  0%| F|  |TAMS 0x0000000094f00000, 0x0000000094f00000| Untracked 
|  80|0x0000000095000000, 0x0000000095000000, 0x0000000095100000|  0%| F|  |TAMS 0x0000000095000000, 0x0000000095000000| Untracked 
|  81|0x0000000095100000, 0x0000000095100000, 0x0000000095200000|  0%| F|  |TAMS 0x0000000095100000, 0x0000000095100000| Untracked 
|  82|0x0000000095200000, 0x0000000095200000, 0x0000000095300000|  0%| F|  |TAMS 0x0000000095200000, 0x0000000095200000| Untracked 
|  83|0x0000000095300000, 0x0000000095300000, 0x0000000095400000|  0%| F|  |TAMS 0x0000000095300000, 0x0000000095300000| Untracked 
|  84|0x0000000095400000, 0x0000000095400000, 0x0000000095500000|  0%| F|  |TAMS 0x0000000095400000, 0x0000000095400000| Untracked 
|  85|0x0000000095500000, 0x0000000095500000, 0x0000000095600000|  0%| F|  |TAMS 0x0000000095500000, 0x0000000095500000| Untracked 
|  86|0x0000000095600000, 0x0000000095600000, 0x0000000095700000|  0%| F|  |TAMS 0x0000000095600000, 0x0000000095600000| Untracked 
|  87|0x0000000095700000, 0x0000000095700000, 0x0000000095800000|  0%| F|  |TAMS 0x0000000095700000, 0x0000000095700000| Untracked 
|  88|0x0000000095800000, 0x0000000095800000, 0x0000000095900000|  0%| F|  |TAMS 0x0000000095800000, 0x0000000095800000| Untracked 
|  89|0x0000000095900000, 0x0000000095900000, 0x0000000095a00000|  0%| F|  |TAMS 0x0000000095900000, 0x0000000095900000| Untracked 
|  90|0x0000000095a00000, 0x0000000095a00000, 0x0000000095b00000|  0%| F|  |TAMS 0x0000000095a00000, 0x0000000095a00000| Untracked 
|  91|0x0000000095b00000, 0x0000000095b00000, 0x0000000095c00000|  0%| F|  |TAMS 0x0000000095b00000, 0x0000000095b00000| Untracked 
|  92|0x0000000095c00000, 0x0000000095c00000, 0x0000000095d00000|  0%| F|  |TAMS 0x0000000095c00000, 0x0000000095c00000| Untracked 
|  93|0x0000000095d00000, 0x0000000095d00000, 0x0000000095e00000|  0%| F|  |TAMS 0x0000000095d00000, 0x0000000095d00000| Untracked 
|  94|0x0000000095e00000, 0x0000000095e00000, 0x0000000095f00000|  0%| F|  |TAMS 0x0000000095e00000, 0x0000000095e00000| Untracked 
|  95|0x0000000095f00000, 0x0000000095f00000, 0x0000000096000000|  0%| F|  |TAMS 0x0000000095f00000, 0x0000000095f00000| Untracked 
|  96|0x0000000096000000, 0x0000000096000000, 0x0000000096100000|  0%| F|  |TAMS 0x0000000096000000, 0x0000000096000000| Untracked 
|  97|0x0000000096100000, 0x0000000096100000, 0x0000000096200000|  0%| F|  |TAMS 0x0000000096100000, 0x0000000096100000| Untracked 
|  98|0x0000000096200000, 0x0000000096200000, 0x0000000096300000|  0%| F|  |TAMS 0x0000000096200000, 0x0000000096200000| Untracked 
|  99|0x0000000096300000, 0x0000000096300000, 0x0000000096400000|  0%| F|  |TAMS 0x0000000096300000, 0x0000000096300000| Untracked 
| 100|0x0000000096400000, 0x0000000096400000, 0x0000000096500000|  0%| F|  |TAMS 0x0000000096400000, 0x0000000096400000| Untracked 
| 101|0x0000000096500000, 0x0000000096500000, 0x0000000096600000|  0%| F|  |TAMS 0x0000000096500000, 0x0000000096500000| Untracked 
| 102|0x0000000096600000, 0x0000000096600000, 0x0000000096700000|  0%| F|  |TAMS 0x0000000096600000, 0x0000000096600000| Untracked 
| 103|0x0000000096700000, 0x0000000096700000, 0x0000000096800000|  0%| F|  |TAMS 0x0000000096700000, 0x0000000096700000| Untracked 
| 104|0x0000000096800000, 0x0000000096800000, 0x0000000096900000|  0%| F|  |TAMS 0x0000000096800000, 0x0000000096800000| Untracked 
| 105|0x0000000096900000, 0x0000000096900000, 0x0000000096a00000|  0%| F|  |TAMS 0x0000000096900000, 0x0000000096900000| Untracked 
| 106|0x0000000096a00000, 0x0000000096a00000, 0x0000000096b00000|  0%| F|  |TAMS 0x0000000096a00000, 0x0000000096a00000| Untracked 
| 107|0x0000000096b00000, 0x0000000096b00000, 0x0000000096c00000|  0%| F|  |TAMS 0x0000000096b00000, 0x0000000096b00000| Untracked 
| 108|0x0000000096c00000, 0x0000000096c00000, 0x0000000096d00000|  0%| F|  |TAMS 0x0000000096c00000, 0x0000000096c00000| Untracked 
| 109|0x0000000096d00000, 0x0000000096d64b10, 0x0000000096e00000| 39%| E|  |TAMS 0x0000000096d00000, 0x0000000096d00000| Complete 
| 110|0x0000000096e00000, 0x0000000096f00000, 0x0000000096f00000|100%| E|CS|TAMS 0x0000000096e00000, 0x0000000096e00000| Complete 
| 111|0x0000000096f00000, 0x0000000097000000, 0x0000000097000000|100%| E|CS|TAMS 0x0000000096f00000, 0x0000000096f00000| Complete 

Card table byte_map: [0x00000223bad20000,0x00000223bb0a0000] _byte_map_base: 0x00000223ba8a0000

Marking Bits (Prev, Next): (CMBitMap*) 0x00000223a888c5b0, (CMBitMap*) 0x00000223a888c5f0
 Prev Bits: [0x00000223bb420000, 0x00000223bd020000)
 Next Bits: [0x00000223bd020000, 0x00000223bec20000)

Polling page: 0x00000223a6820000

Metaspace:

Usage:
  Non-class:      7.68 MB used.
      Class:    771.73 KB used.
       Both:      8.44 MB used.

Virtual space:
  Non-class space:       64.00 MB reserved,       7.75 MB ( 12%) committed,  1 nodes.
      Class space:        1.00 GB reserved,     832.00 KB ( <1%) committed,  1 nodes.
             Both:        1.06 GB reserved,       8.56 MB ( <1%) committed. 

Chunk freelists:
   Non-Class:  8.25 MB
       Class:  15.24 MB
        Both:  23.49 MB

MaxMetaspaceSize: unlimited
CompressedClassSpaceSize: 1.00 GB
Initial GC threshold: 21.00 MB
Current GC threshold: 21.00 MB
CDS: off
MetaspaceReclaimPolicy: balanced
 - commit_granule_bytes: 65536.
 - commit_granule_words: 8192.
 - virtual_space_node_default_size: 8388608.
 - enlarge_chunks_in_place: 1.
 - new_chunks_are_fully_committed: 0.
 - uncommit_free_chunks: 1.
 - use_allocation_guard: 0.
 - handle_deallocations: 1.


Internal statistics:

num_allocs_failed_limit: 0.
num_arena_births: 8.
num_arena_deaths: 0.
num_vsnodes_births: 2.
num_vsnodes_deaths: 0.
num_space_committed: 137.
num_space_uncommitted: 0.
num_chunks_returned_to_freelist: 0.
num_chunks_taken_from_freelist: 32.
num_chunk_merges: 0.
num_chunk_splits: 14.
num_chunks_enlarged: 5.
num_inconsistent_stats: 0.

CodeHeap 'non-profiled nmethods': size=120064Kb used=65Kb max_used=65Kb free=119998Kb
 bounds [0x00000223b37e0000, 0x00000223b3a50000, 0x00000223bad20000]
CodeHeap 'profiled nmethods': size=120000Kb used=362Kb max_used=362Kb free=119637Kb
 bounds [0x00000223abd20000, 0x00000223abf90000, 0x00000223b3250000]
CodeHeap 'non-nmethods': size=5696Kb used=1144Kb max_used=1152Kb free=4551Kb
 bounds [0x00000223b3250000, 0x00000223b34c0000, 0x00000223b37e0000]
 total_blobs=671 nmethods=252 adapters=332
 compilation: enabled
              stopped_count=0, restarted_count=0
 full_count=0

Compilation events (20 events):
Event: 0.258 Thread 0x00000223c1268cb0 nmethod 243 0x00000223abd75890 code [0x00000223abd75a60, 0x00000223abd75e48]
Event: 0.258 Thread 0x00000223c1268cb0  244   !   3       java.io.BufferedReader::read (104 bytes)
Event: 0.258 Thread 0x00000223c1268cb0 nmethod 244 0x00000223abd75f90 code [0x00000223abd76180, 0x00000223abd76758]
Event: 0.258 Thread 0x00000223c1268cb0  245       3       java.io.BufferedReader::ensureOpen (18 bytes)
Event: 0.259 Thread 0x00000223c1268cb0 nmethod 245 0x00000223abd76b10 code [0x00000223abd76cc0, 0x00000223abd76ee8]
Event: 0.259 Thread 0x00000223c1268cb0  246       3       java.util.Optional::orElse (16 bytes)
Event: 0.259 Thread 0x00000223c1268cb0 nmethod 246 0x00000223abd77010 code [0x00000223abd771a0, 0x00000223abd77318]
Event: 0.260 Thread 0x00000223c1268cb0  247       3       jdk.internal.jimage.ImageStringsReader::unmaskedHashCode (166 bytes)
Event: 0.260 Thread 0x00000223c1268cb0 nmethod 247 0x00000223abd77390 code [0x00000223abd775e0, 0x00000223abd781b8]
Event: 0.261 Thread 0x00000223c1268cb0  248       3       java.util.regex.Pattern::isSupplementary (21 bytes)
Event: 0.261 Thread 0x00000223c1268cb0 nmethod 248 0x00000223abd78690 code [0x00000223abd78840, 0x00000223abd78ab8]
Event: 0.261 Thread 0x00000223c1268cb0  249       3       java.lang.Character::isSurrogate (18 bytes)
Event: 0.261 Thread 0x00000223c1268cb0 nmethod 249 0x00000223abd78b90 code [0x00000223abd78d20, 0x00000223abd78eb8]
Event: 0.261 Thread 0x00000223c1268cb0  250       3       java.lang.Character::charCount (12 bytes)
Event: 0.261 Thread 0x00000223c1268cb0 nmethod 250 0x00000223abd78f90 code [0x00000223abd79120, 0x00000223abd79298]
Event: 0.261 Thread 0x00000223c1268cb0  251       3       java.util.regex.Pattern::next (33 bytes)
Event: 0.261 Thread 0x00000223c1268cb0 nmethod 251 0x00000223abd79310 code [0x00000223abd794c0, 0x00000223abd79728]
Event: 0.264 Thread 0x00000223c1268cb0  252       3       jdk.internal.org.objectweb.asm.ByteVector::putUTF8 (144 bytes)
Event: 0.265 Thread 0x00000223c1268cb0 nmethod 252 0x00000223abd79890 code [0x00000223abd79b00, 0x00000223abd7a608]
Event: 0.265 Thread 0x00000223c1268cb0  253       3       jdk.internal.org.objectweb.asm.ByteVector::putShort (52 bytes)

GC Heap History (0 events):
No events

Dll operation events (1 events):
Event: 0.008 Loaded shared library C:\Program Files\Android\Android Studio\jbr\bin\java.dll

Deoptimization events (0 events):
No events

Classes unloaded (0 events):
No events

Classes redefined (0 events):
No events

Internal exceptions (1 events):
Event: 0.249 Thread 0x00000223a8839310 Exception <a 'sun/nio/fs/WindowsException'{0x0000000096d35f68}> (0x0000000096d35f68) 
thrown [s\src\hotspot\share\prims\jni.cpp, line 517]

VM Operations (4 events):
Event: 0.132 Executing VM operation: HandshakeAllThreads
Event: 0.132 Executing VM operation: HandshakeAllThreads done
Event: 0.148 Executing VM operation: HandshakeAllThreads
Event: 0.148 Executing VM operation: HandshakeAllThreads done

Events (20 events):
Event: 0.262 loading class com/sun/crypto/provider/ElectronicCodeBook
Event: 0.262 loading class com/sun/crypto/provider/FeedbackCipher
Event: 0.262 loading class com/sun/crypto/provider/FeedbackCipher done
Event: 0.262 loading class com/sun/crypto/provider/ElectronicCodeBook done
Event: 0.262 loading class com/sun/crypto/provider/PKCS5Padding
Event: 0.262 loading class com/sun/crypto/provider/Padding
Event: 0.262 loading class com/sun/crypto/provider/Padding done
Event: 0.262 loading class com/sun/crypto/provider/PKCS5Padding done
Event: 0.262 loading class com/sun/crypto/provider/CipherBlockChaining
Event: 0.263 loading class com/sun/crypto/provider/CipherBlockChaining done
Event: 0.263 loading class sun/security/ssl/SSLCipher$T11BlockReadCipherGenerator
Event: 0.263 loading class sun/security/ssl/SSLCipher$T11BlockReadCipherGenerator done
Event: 0.263 loading class sun/security/ssl/SSLCipher$T11BlockWriteCipherGenerator
Event: 0.263 loading class sun/security/ssl/SSLCipher$T11BlockWriteCipherGenerator done
Event: 0.263 loading class javax/crypto/JceSecurityManager
Event: 0.263 loading class javax/crypto/JceSecurityManager done
Event: 0.263 loading class java/util/Spliterators$IteratorSpliterator
Event: 0.263 loading class java/util/Spliterators$IteratorSpliterator done
Event: 0.265 loading class java/util/stream/ReferencePipeline$3
Event: 0.265 loading class java/util/stream/ReferencePipeline$StatelessOp


Dynamic libraries:
0x00007ff6fd6e0000 - 0x00007ff6fd6ea000 	C:\Program Files\Android\Android Studio\jbr\bin\java.exe
0x00007ffd79ec0000 - 0x00007ffd7a0c9000 	C:\Windows\SYSTEM32\ntdll.dll
0x00007ffd787d0000 - 0x00007ffd7888d000 	C:\Windows\System32\KERNEL32.DLL
0x00007ffd77910000 - 0x00007ffd77c94000 	C:\Windows\System32\KERNELBASE.dll
0x00007ffd77410000 - 0x00007ffd77521000 	C:\Windows\System32\ucrtbase.dll
0x00007ffd668e0000 - 0x00007ffd668fb000 	C:\Program Files\Android\Android Studio\jbr\bin\VCRUNTIME140.dll
0x00007ffd549c0000 - 0x00007ffd549d7000 	C:\Program Files\Android\Android Studio\jbr\bin\jli.dll
0x00007ffd77d10000 - 0x00007ffd77ebd000 	C:\Windows\System32\USER32.dll
0x00007ffd77650000 - 0x00007ffd77676000 	C:\Windows\System32\win32u.dll
0x00007ffd50da0000 - 0x00007ffd51045000 	C:\Windows\WinSxS\amd64_microsoft.windows.common-controls_6595b64144ccf1df_6.0.22000.120_none_9d947278b86cc467\COMCTL32.dll
0x00007ffd78cd0000 - 0x00007ffd78cfa000 	C:\Windows\System32\GDI32.dll
0x00007ffd79700000 - 0x00007ffd797a3000 	C:\Windows\System32\msvcrt.dll
0x00007ffd77680000 - 0x00007ffd7779e000 	C:\Windows\System32\gdi32full.dll
0x00007ffd775b0000 - 0x00007ffd7764d000 	C:\Windows\System32\msvcp_win.dll
0x00007ffd78df0000 - 0x00007ffd78e21000 	C:\Windows\System32\IMM32.DLL
0x00007ffd693d0000 - 0x00007ffd693dc000 	C:\Program Files\Android\Android Studio\jbr\bin\vcruntime140_1.dll
0x00007ffd4a030000 - 0x00007ffd4a0bd000 	C:\Program Files\Android\Android Studio\jbr\bin\msvcp140.dll
0x00007ffd0bea0000 - 0x00007ffd0cb23000 	C:\Program Files\Android\Android Studio\jbr\bin\server\jvm.dll
0x00007ffd78b80000 - 0x00007ffd78c2e000 	C:\Windows\System32\ADVAPI32.dll
0x00007ffd78c30000 - 0x00007ffd78cce000 	C:\Windows\System32\sechost.dll
0x00007ffd79d50000 - 0x00007ffd79e71000 	C:\Windows\System32\RPCRT4.dll
0x00007ffd77080000 - 0x00007ffd770cd000 	C:\Windows\SYSTEM32\POWRPROF.dll
0x00007ffd730c0000 - 0x00007ffd730c9000 	C:\Windows\SYSTEM32\WSOCK32.dll
0x00007ffd79c30000 - 0x00007ffd79c9f000 	C:\Windows\System32\WS2_32.dll
0x00007ffd4d040000 - 0x00007ffd4d073000 	C:\Windows\SYSTEM32\WINMM.dll
0x00007ffd671e0000 - 0x00007ffd671ea000 	C:\Windows\SYSTEM32\VERSION.dll
0x00007ffd77060000 - 0x00007ffd77073000 	C:\Windows\SYSTEM32\UMPDC.dll
0x00007ffd76380000 - 0x00007ffd76398000 	C:\Windows\SYSTEM32\kernel.appcore.dll
0x00007ffd730b0000 - 0x00007ffd730ba000 	C:\Program Files\Android\Android Studio\jbr\bin\jimage.dll
0x00007ffd66e60000 - 0x00007ffd67081000 	C:\Windows\SYSTEM32\DBGHELP.DLL
0x00007ffd67090000 - 0x00007ffd670c1000 	C:\Windows\SYSTEM32\dbgcore.DLL
0x00007ffd77530000 - 0x00007ffd775af000 	C:\Windows\System32\bcryptPrimitives.dll
0x00007ffd66a10000 - 0x00007ffd66a35000 	C:\Program Files\Android\Android Studio\jbr\bin\java.dll
0x00007ffd6bbe0000 - 0x00007ffd6bbf8000 	C:\Program Files\Android\Android Studio\jbr\bin\zip.dll
0x00007ffd77f30000 - 0x00007ffd786f5000 	C:\Windows\System32\SHELL32.dll
0x00007ffd753e0000 - 0x00007ffd75c42000 	C:\Windows\SYSTEM32\windows.storage.dll
0x00007ffd79020000 - 0x00007ffd79396000 	C:\Windows\System32\combase.dll
0x00007ffd75270000 - 0x00007ffd753d7000 	C:\Windows\SYSTEM32\wintypes.dll
0x00007ffd789b0000 - 0x00007ffd78a9a000 	C:\Windows\System32\SHCORE.dll
0x00007ffd78fc0000 - 0x00007ffd7901d000 	C:\Windows\System32\shlwapi.dll
0x00007ffd77280000 - 0x00007ffd772a5000 	C:\Windows\SYSTEM32\profapi.dll
0x00007ffd6bad0000 - 0x00007ffd6bae9000 	C:\Program Files\Android\Android Studio\jbr\bin\net.dll
0x00007ffd700b0000 - 0x00007ffd701c4000 	C:\Windows\SYSTEM32\WINHTTP.dll
0x00007ffd76820000 - 0x00007ffd76887000 	C:\Windows\system32\mswsock.dll
0x00007ffd69340000 - 0x00007ffd69356000 	C:\Program Files\Android\Android Studio\jbr\bin\nio.dll

dbghelp: loaded successfully - version: 4.0.5 - missing functions: none
symbol engine: initialized successfully - sym options: 0x614 - pdb path: .;C:\Program Files\Android\Android Studio\jbr\bin;C:\Windows\SYSTEM32;C:\Windows\WinSxS\amd64_microsoft.windows.common-controls_6595b64144ccf1df_6.0.22000.120_none_9d947278b86cc467;C:\Program Files\Android\Android Studio\jbr\bin\server

VM Arguments:
java_command: git4idea.http.GitAskPassApp Username for 'https://github.com': 
java_class_path (initial): C:/Program Files/Android/Android Studio/plugins/vcs-git/lib/git4idea-rt.jar;C:/Program Files/Android/Android Studio/lib/externalProcess-rt.jar
Launcher Type: SUN_STANDARD

[Global flags]
     intx CICompilerCount                          = 2                                         {product} {ergonomic}
     uint ConcGCThreads                            = 1                                         {product} {ergonomic}
     uint G1ConcRefinementThreads                  = 2                                         {product} {ergonomic}
   size_t G1HeapRegionSize                         = 1048576                                   {product} {ergonomic}
    uintx GCDrainStackTargetSize                   = 64                                        {product} {ergonomic}
   size_t InitialHeapSize                          = 117440512                                 {product} {ergonomic}
   size_t MarkStackSize                            = 4194304                                   {product} {ergonomic}
   size_t MaxHeapSize                              = 1879048192                                {product} {ergonomic}
   size_t MaxNewSize                               = 1127219200                                {product} {ergonomic}
   size_t MinHeapDeltaBytes                        = 1048576                                   {product} {ergonomic}
   size_t MinHeapSize                              = 8388608                                   {product} {ergonomic}
    uintx NonNMethodCodeHeapSize                   = 5826188                                {pd product} {ergonomic}
    uintx NonProfiledCodeHeapSize                  = 122916026                              {pd product} {ergonomic}
    uintx ProfiledCodeHeapSize                     = 122916026                              {pd product} {ergonomic}
    uintx ReservedCodeCacheSize                    = 251658240                              {pd product} {ergonomic}
     bool SegmentedCodeCache                       = true                                      {product} {ergonomic}
   size_t SoftMaxHeapSize                          = 1879048192                             {manageable} {ergonomic}
     bool UseCompressedClassPointers               = true                           {product lp64_product} {ergonomic}
     bool UseCompressedOops                        = true                           {product lp64_product} {ergonomic}
     bool UseG1GC                                  = true                                      {product} {ergonomic}
     bool UseLargePagesIndividualAllocation        = false                                  {pd product} {ergonomic}

Logging:
Log output configuration:
 #0: stdout all=warning uptime,level,tags
 #1: stderr all=off uptime,level,tags

Environment Variables:
PATH=C:\Program Files\Git\mingw64\libexec\git-core;C:\Program Files\Git\mingw64\libexec\git-core;C:\Program Files\Git\mingw64\bin;C:\Program Files\Git\usr\bin;C:\Users\tare\bin;C:\Program Files\Common Files\Oracle\Java\javapath;C:\Program Files (x86)\Microsoft SDKs\Azure\CLI2\wbin;C:\Python311\Scripts;C:\Python311;C:\Program Files\Microsoft\jdk-11.0.16.101-hotspot\bin;C:\Windows\system32;C:\Windows;C:\Windows\System32\Wbem;C:\Windows\System32\WindowsPowerShell\v1.0;C:\Windows\System32\OpenSSH;C:\Program Files\Microsoft SQL Server\130\Tools\Binn;C:\Program Files\Microsoft SQL Server\Client SDK\ODBC\170\Tools\Binn;C:\Program Files\Microsoft SQL Server\150\Tools\Binn;C:\Program Files\Microsoft\Azure Functions Core Tools;C:\Program Files\nodejs;C:\ProgramData\chocolatey\bin;C:\Program Files\Git\cmd;C:\Program Files\dotnet;C:\Program Files\PowerShell\7;C:\Users\tare\AppData\Local\Microsoft\WindowsApps;C:\Users\tare\AppData\Local\Programs\Microsoft VS Code\bin;C:\Program Files\JetBrains\IntelliJ IDEA Community Edition 2023.1.1\bin;C:\Users\tare\AppData\Roaming\npm;C:\terraform;C:\Users\tare\.dotnet\tools
USERNAME=tare
DISPLAY=127.0.0.1:0.0
LC_ALL=en_US.UTF-8
TERM=xterm-256color
TMPDIR=C:\Users\tare\AppData\Local\Temp
OS=Windows_NT
PROCESSOR_IDENTIFIER=Intel64 Family 6 Model 85 Stepping 7, GenuineIntel
TMP=C:\Users\tare\AppData\Local\Temp
TEMP=C:\Users\tare\AppData\Local\Temp



Periodic native trim disabled

JNI global refs:
JNI global refs: 6, weak refs: 0

JNI global refs memory usage: 843, weak refs: 209

OOME stack traces (most recent first):
Classloader memory used:
Loader bootstrap                                                                       : 1074K
Loader jdk.internal.loader.ClassLoaders$PlatformClassLoader                            : 3630B
Loader jdk.internal.loader.ClassLoaders$AppClassLoader                                 : 1808B


---------------  S Y S T E M  ---------------

OS:
 Windows 11 , 64 bit Build 22000 (10.0.22000.2538)
OS uptime: 0 days 8:14 hours
Hyper-V virtualization detected

CPU: total 2 (initial active 2) (2 cores per cpu, 1 threads per core) family 6 model 85 stepping 7 microcode 0xffffffff, cx8, cmov, fxsr, mmx, 3dnowpref, sse, sse2, sse3, ssse3, sse4.1, sse4.2, popcnt, lzcnt, tsc, avx, avx2, aes, erms, clmul, bmi1, bmi2, rtm, adx, avx512f, avx512dq, avx512cd, avx512bw, avx512vl, fma, vzeroupper, clflush, clflushopt, hv
Processor Information for all 2 processors :
  Max Mhz: 2594, Current Mhz: 2594, Mhz Limit: 2594

Memory: 4k page, system-wide physical 7166M (1059M free)
TotalPageFile size 8958M (AvailPageFile size 3M)
current process WorkingSet (physical memory assigned to process): 40M, peak: 40M
current process commit charge ("private bytes"): 179M, peak: 180M

vm_info: OpenJDK 64-Bit Server VM (17.0.9+0--11185874) for windows-amd64 JRE (17.0.9+0--11185874), built on Dec  6 2023 18:57:44 by "androidbuild" with MS VC++ 16.10 / 16.11 (VS2019)

END.
